<?xml version="1.0" encoding="UTF-8"?>
<testng-results ignored="0" total="1" passed="1" failed="0" skipped="0">
  <reporter-output>
  </reporter-output>
  <suite started-at="2023-03-30T18:30:51 IST" name="Default suite" finished-at="2023-03-30T18:31:03 IST" duration-ms="11901">
    <groups>
    </groups>
    <test started-at="2023-03-30T18:30:51 IST" name="Default test" finished-at="2023-03-30T18:31:03 IST" duration-ms="11901">
      <class name="login.Admin_LoginTest">
        <test-method is-config="true" signature="setUp()[pri:0, instance:login.Admin_LoginTest@56dc1551]" started-at="2023-03-30T18:30:51 IST" name="setUp" finished-at="2023-03-30T18:30:51 IST" duration-ms="80" status="PASS">
          <reporter-output>
          </reporter-output>
        </test-method> <!-- setUp -->
        <test-method is-config="true" signature="admin_LoginTest()[pri:0, instance:login.Admin_LoginTest@56dc1551]" started-at="2023-03-30T18:30:51 IST" name="admin_LoginTest" finished-at="2023-03-30T18:30:53 IST" duration-ms="2026" status="PASS">
          <reporter-output>
          </reporter-output>
        </test-method> <!-- admin_LoginTest -->
        <test-method signature="adminLoginTest()[pri:0, instance:login.Admin_LoginTest@56dc1551]" started-at="2023-03-30T18:30:53 IST" name="adminLoginTest" finished-at="2023-03-30T18:30:59 IST" duration-ms="6764" status="PASS">
          <reporter-output>
          </reporter-output>
        </test-method> <!-- adminLoginTest -->
        <test-method is-config="true" signature="getResult(org.testng.ITestResult)[pri:0, instance:login.Admin_LoginTest@56dc1551]" started-at="2023-03-30T18:30:59 IST" name="getResult" finished-at="2023-03-30T18:30:59 IST" duration-ms="3" status="PASS">
          <params>
            <param index="0">
              <value>
                <![CDATA[[TestResult name=adminLoginTest status=SUCCESS method=Admin_LoginTest.adminLoginTest()[pri:0, instance:login.Admin_LoginTest@56dc1551] output={null}]]]>
              </value>
            </param>
          </params>
          <reporter-output>
          </reporter-output>
        </test-method> <!-- getResult -->
        <test-method is-config="true" signature="endingTest()[pri:0, instance:login.Admin_LoginTest@56dc1551]" started-at="2023-03-30T18:30:59 IST" name="endingTest" finished-at="2023-03-30T18:31:03 IST" duration-ms="3068" status="PASS">
          <reporter-output>
          </reporter-output>
        </test-method> <!-- endingTest -->
        <test-method is-config="true" signature="tearDown()[pri:0, instance:login.Admin_LoginTest@56dc1551]" started-at="2023-03-30T18:31:03 IST" name="tearDown" finished-at="2023-03-30T18:31:03 IST" duration-ms="188" status="PASS">
          <reporter-output>
          </reporter-output>
        </test-method> <!-- tearDown -->
      </class> <!-- login.Admin_LoginTest -->
    </test> <!-- Default test -->
  </suite> <!-- Default suite -->
</testng-results>
